<?xml version="1.0" encoding="UTF-8" standalone="no"?>
<!DOCTYPE log SYSTEM "logger.dtd">
<log>
<record>
  <date>2019-10-22T11:38:34</date>
  <millis>1571724514974</millis>
  <sequence>0</sequence>
  <level>START</level>
  <class>com.kms.katalon.core.logging.XmlKeywordLogger</class>
  <method>startSuite</method>
  <thread>1</thread>
  <message>Start Test Suite : Test Suites/DataDrivenDemo</message>
  <nestedLevel>0</nestedLevel>
  <property name="name">DataDrivenDemo</property>
  <property name="description"></property>
  <property name="id">Test Suites/DataDrivenDemo</property>
</record>
<record>
  <date>2019-10-22T11:38:35</date>
  <millis>1571724515015</millis>
  <sequence>1</sequence>
  <level>RUN_DATA</level>
  <class>com.kms.katalon.core.logging.XmlKeywordLogger</class>
  <method>logMessage</method>
  <thread>1</thread>
  <message>hostName = vamsipc - HP-Laptop</message>
  <nestedLevel>0</nestedLevel>
  <property name="hostName">vamsipc - HP-Laptop</property>
</record>
<record>
  <date>2019-10-22T11:38:35</date>
  <millis>1571724515021</millis>
  <sequence>2</sequence>
  <level>RUN_DATA</level>
  <class>com.kms.katalon.core.logging.XmlKeywordLogger</class>
  <method>logMessage</method>
  <thread>1</thread>
  <message>os = Windows 10 64bit</message>
  <nestedLevel>0</nestedLevel>
  <property name="os">Windows 10 64bit</property>
</record>
<record>
  <date>2019-10-22T11:38:35</date>
  <millis>1571724515023</millis>
  <sequence>3</sequence>
  <level>RUN_DATA</level>
  <class>com.kms.katalon.core.logging.XmlKeywordLogger</class>
  <method>logMessage</method>
  <thread>1</thread>
  <message>hostAddress = 172.26.192.1</message>
  <nestedLevel>0</nestedLevel>
  <property name="hostAddress">172.26.192.1</property>
</record>
<record>
  <date>2019-10-22T11:38:35</date>
  <millis>1571724515029</millis>
  <sequence>4</sequence>
  <level>RUN_DATA</level>
  <class>com.kms.katalon.core.logging.XmlKeywordLogger</class>
  <method>logMessage</method>
  <thread>1</thread>
  <message>katalonVersion = 6.3.2.1</message>
  <nestedLevel>0</nestedLevel>
  <property name="katalonVersion">6.3.2.1</property>
</record>
<record>
  <date>2019-10-22T11:38:35</date>
  <millis>1571724515971</millis>
  <sequence>5</sequence>
  <level>START</level>
  <class>com.kms.katalon.core.logging.XmlKeywordLogger</class>
  <method>startTest</method>
  <thread>1</thread>
  <message>Start Test Case : Test Cases/DataDrivenDemoTest</message>
  <nestedLevel>1</nestedLevel>
  <property name="name">Test Cases/DataDrivenDemoTest</property>
  <property name="description"></property>
  <property name="id">Test Cases/DataDrivenDemoTest</property>
  <property name="source">E:\\vamsi_programs_2019\\6_katalon_studio_programs\\SampleRestAPITestingProject\\Test Cases\\DataDrivenDemoTest.tc</property>
  <property name="tag"></property>
  <property name="isOptional">false</property>
</record>
<record>
  <date>2019-10-22T11:38:36</date>
  <millis>1571724516033</millis>
  <sequence>7</sequence>
  <level>INFO</level>
  <class>com.kms.katalon.core.logging.XmlKeywordLogger</class>
  <method>logMessage</method>
  <thread>1</thread>
  <message>user = Raghav</message>
  <nestedLevel>1</nestedLevel>
</record>
<record>
  <date>2019-10-22T11:38:36</date>
  <millis>1571724516592</millis>
  <sequence>8</sequence>
  <level>START</level>
  <class>com.kms.katalon.core.logging.XmlKeywordLogger</class>
  <method>startKeyword</method>
  <thread>1</thread>
  <message>Start action : println(\&amp;quot;...using username is\&amp;quot; + user)</message>
  <nestedLevel>1</nestedLevel>
  <property name="startLine">16</property>
  <property name="stepIndex">1</property>
</record>
<record>
  <date>2019-10-22T11:38:36</date>
  <millis>1571724516616</millis>
  <sequence>9</sequence>
  <level>END</level>
  <class>com.kms.katalon.core.logging.XmlKeywordLogger</class>
  <method>endKeyword</method>
  <thread>1</thread>
  <message>End action : println(\&amp;quot;...using username is\&amp;quot; + user)</message>
  <nestedLevel>1</nestedLevel>
</record>
<record>
  <date>2019-10-22T11:38:36</date>
  <millis>1571724516619</millis>
  <sequence>10</sequence>
  <level>START</level>
  <class>com.kms.katalon.core.logging.XmlKeywordLogger</class>
  <method>startKeyword</method>
  <thread>1</thread>
  <message>Start action : sendRequest(findTestObject(\&amp;quot;RESTWebServices/CreateUser\&amp;quot;, [\&amp;quot;username\&amp;quot;:user]))</message>
  <nestedLevel>1</nestedLevel>
  <property name="startLine">18</property>
  <property name="stepIndex">2</property>
</record>
<record>
  <date>2019-10-22T11:38:41</date>
  <millis>1571724521661</millis>
  <sequence>13</sequence>
  <level>INFO</level>
  <class>com.kms.katalon.core.logging.XmlKeywordLogger</class>
  <method>logMessage</method>
  <thread>1</thread>
  <message>HAR: E:\\vamsi_programs_2019\\6_katalon_studio_programs\\SampleRestAPITestingProject\\Reports\\20191022_113825\\DataDrivenDemo\\20191022_113825\\requests\\main\\0.har</message>
  <nestedLevel>1</nestedLevel>
  <property name="harId">5fe2478a-ade6-4898-844b-dfa35edba16d</property>
</record>
<record>
  <date>2019-10-22T11:38:41</date>
  <millis>1571724521919</millis>
  <sequence>14</sequence>
  <level>PASSED</level>
  <class>com.kms.katalon.core.logging.XmlKeywordLogger</class>
  <method>logMessage</method>
  <thread>1</thread>
  <message>Send request successfully</message>
  <nestedLevel>1</nestedLevel>
</record>
<record>
  <date>2019-10-22T11:38:41</date>
  <millis>1571724521920</millis>
  <sequence>15</sequence>
  <level>END</level>
  <class>com.kms.katalon.core.logging.XmlKeywordLogger</class>
  <method>endKeyword</method>
  <thread>1</thread>
  <message>End action : sendRequest(findTestObject(\&amp;quot;RESTWebServices/CreateUser\&amp;quot;, [\&amp;quot;username\&amp;quot;:user]))</message>
  <nestedLevel>1</nestedLevel>
</record>
<record>
  <date>2019-10-22T11:38:41</date>
  <millis>1571724521921</millis>
  <sequence>16</sequence>
  <level>PASSED</level>
  <class>com.kms.katalon.core.logging.XmlKeywordLogger</class>
  <method>logMessage</method>
  <thread>1</thread>
  <message>Test Cases/DataDrivenDemoTest</message>
  <nestedLevel>1</nestedLevel>
</record>
<record>
  <date>2019-10-22T11:38:41</date>
  <millis>1571724521922</millis>
  <sequence>17</sequence>
  <level>END</level>
  <class>com.kms.katalon.core.logging.XmlKeywordLogger</class>
  <method>endTest</method>
  <thread>1</thread>
  <message>End Test Case : Test Cases/DataDrivenDemoTest</message>
  <nestedLevel>0</nestedLevel>
</record>
<record>
  <date>2019-10-22T11:38:41</date>
  <millis>1571724521975</millis>
  <sequence>18</sequence>
  <level>START</level>
  <class>com.kms.katalon.core.logging.XmlKeywordLogger</class>
  <method>startTest</method>
  <thread>1</thread>
  <message>Start Test Case : Test Cases/DataDrivenDemoTest</message>
  <nestedLevel>1</nestedLevel>
  <property name="name">Test Cases/DataDrivenDemoTest</property>
  <property name="description"></property>
  <property name="id">Test Cases/DataDrivenDemoTest</property>
  <property name="source">E:\\vamsi_programs_2019\\6_katalon_studio_programs\\SampleRestAPITestingProject\\Test Cases\\DataDrivenDemoTest.tc</property>
  <property name="tag"></property>
  <property name="isOptional">false</property>
</record>
<record>
  <date>2019-10-22T11:38:42</date>
  <millis>1571724522074</millis>
  <sequence>20</sequence>
  <level>INFO</level>
  <class>com.kms.katalon.core.logging.XmlKeywordLogger</class>
  <method>logMessage</method>
  <thread>1</thread>
  <message>user = Automation</message>
  <nestedLevel>1</nestedLevel>
</record>
<record>
  <date>2019-10-22T11:38:42</date>
  <millis>1571724522079</millis>
  <sequence>21</sequence>
  <level>START</level>
  <class>com.kms.katalon.core.logging.XmlKeywordLogger</class>
  <method>startKeyword</method>
  <thread>1</thread>
  <message>Start action : println(\&amp;quot;...using username is\&amp;quot; + user)</message>
  <nestedLevel>1</nestedLevel>
  <property name="startLine">16</property>
  <property name="stepIndex">1</property>
</record>
<record>
  <date>2019-10-22T11:38:42</date>
  <millis>1571724522082</millis>
  <sequence>22</sequence>
  <level>END</level>
  <class>com.kms.katalon.core.logging.XmlKeywordLogger</class>
  <method>endKeyword</method>
  <thread>1</thread>
  <message>End action : println(\&amp;quot;...using username is\&amp;quot; + user)</message>
  <nestedLevel>1</nestedLevel>
</record>
<record>
  <date>2019-10-22T11:38:42</date>
  <millis>1571724522083</millis>
  <sequence>23</sequence>
  <level>START</level>
  <class>com.kms.katalon.core.logging.XmlKeywordLogger</class>
  <method>startKeyword</method>
  <thread>1</thread>
  <message>Start action : sendRequest(findTestObject(\&amp;quot;RESTWebServices/CreateUser\&amp;quot;, [\&amp;quot;username\&amp;quot;:user]))</message>
  <nestedLevel>1</nestedLevel>
  <property name="startLine">18</property>
  <property name="stepIndex">2</property>
</record>
<record>
  <date>2019-10-22T11:38:43</date>
  <millis>1571724523341</millis>
  <sequence>26</sequence>
  <level>INFO</level>
  <class>com.kms.katalon.core.logging.XmlKeywordLogger</class>
  <method>logMessage</method>
  <thread>1</thread>
  <message>HAR: E:\\vamsi_programs_2019\\6_katalon_studio_programs\\SampleRestAPITestingProject\\Reports\\20191022_113825\\DataDrivenDemo\\20191022_113825\\requests\\main\\1.har</message>
  <nestedLevel>1</nestedLevel>
  <property name="harId">9ff25e1e-abdc-4680-b751-8cff2cec496c</property>
</record>
<record>
  <date>2019-10-22T11:38:43</date>
  <millis>1571724523377</millis>
  <sequence>27</sequence>
  <level>PASSED</level>
  <class>com.kms.katalon.core.logging.XmlKeywordLogger</class>
  <method>logMessage</method>
  <thread>1</thread>
  <message>Send request successfully</message>
  <nestedLevel>1</nestedLevel>
</record>
<record>
  <date>2019-10-22T11:38:43</date>
  <millis>1571724523378</millis>
  <sequence>28</sequence>
  <level>END</level>
  <class>com.kms.katalon.core.logging.XmlKeywordLogger</class>
  <method>endKeyword</method>
  <thread>1</thread>
  <message>End action : sendRequest(findTestObject(\&amp;quot;RESTWebServices/CreateUser\&amp;quot;, [\&amp;quot;username\&amp;quot;:user]))</message>
  <nestedLevel>1</nestedLevel>
</record>
<record>
  <date>2019-10-22T11:38:43</date>
  <millis>1571724523379</millis>
  <sequence>29</sequence>
  <level>PASSED</level>
  <class>com.kms.katalon.core.logging.XmlKeywordLogger</class>
  <method>logMessage</method>
  <thread>1</thread>
  <message>Test Cases/DataDrivenDemoTest</message>
  <nestedLevel>1</nestedLevel>
</record>
<record>
  <date>2019-10-22T11:38:43</date>
  <millis>1571724523380</millis>
  <sequence>30</sequence>
  <level>END</level>
  <class>com.kms.katalon.core.logging.XmlKeywordLogger</class>
  <method>endTest</method>
  <thread>1</thread>
  <message>End Test Case : Test Cases/DataDrivenDemoTest</message>
  <nestedLevel>0</nestedLevel>
</record>
<record>
  <date>2019-10-22T11:38:43</date>
  <millis>1571724523409</millis>
  <sequence>31</sequence>
  <level>START</level>
  <class>com.kms.katalon.core.logging.XmlKeywordLogger</class>
  <method>startTest</method>
  <thread>1</thread>
  <message>Start Test Case : Test Cases/DataDrivenDemoTest</message>
  <nestedLevel>1</nestedLevel>
  <property name="name">Test Cases/DataDrivenDemoTest</property>
  <property name="description"></property>
  <property name="id">Test Cases/DataDrivenDemoTest</property>
  <property name="source">E:\\vamsi_programs_2019\\6_katalon_studio_programs\\SampleRestAPITestingProject\\Test Cases\\DataDrivenDemoTest.tc</property>
  <property name="tag"></property>
  <property name="isOptional">false</property>
</record>
<record>
  <date>2019-10-22T11:38:43</date>
  <millis>1571724523442</millis>
  <sequence>33</sequence>
  <level>INFO</level>
  <class>com.kms.katalon.core.logging.XmlKeywordLogger</class>
  <method>logMessage</method>
  <thread>1</thread>
  <message>user = Katalon</message>
  <nestedLevel>1</nestedLevel>
</record>
<record>
  <date>2019-10-22T11:38:43</date>
  <millis>1571724523444</millis>
  <sequence>34</sequence>
  <level>START</level>
  <class>com.kms.katalon.core.logging.XmlKeywordLogger</class>
  <method>startKeyword</method>
  <thread>1</thread>
  <message>Start action : println(\&amp;quot;...using username is\&amp;quot; + user)</message>
  <nestedLevel>1</nestedLevel>
  <property name="startLine">16</property>
  <property name="stepIndex">1</property>
</record>
<record>
  <date>2019-10-22T11:38:43</date>
  <millis>1571724523463</millis>
  <sequence>35</sequence>
  <level>END</level>
  <class>com.kms.katalon.core.logging.XmlKeywordLogger</class>
  <method>endKeyword</method>
  <thread>1</thread>
  <message>End action : println(\&amp;quot;...using username is\&amp;quot; + user)</message>
  <nestedLevel>1</nestedLevel>
</record>
<record>
  <date>2019-10-22T11:38:43</date>
  <millis>1571724523465</millis>
  <sequence>36</sequence>
  <level>START</level>
  <class>com.kms.katalon.core.logging.XmlKeywordLogger</class>
  <method>startKeyword</method>
  <thread>1</thread>
  <message>Start action : sendRequest(findTestObject(\&amp;quot;RESTWebServices/CreateUser\&amp;quot;, [\&amp;quot;username\&amp;quot;:user]))</message>
  <nestedLevel>1</nestedLevel>
  <property name="startLine">18</property>
  <property name="stepIndex">2</property>
</record>
<record>
  <date>2019-10-22T11:38:44</date>
  <millis>1571724524983</millis>
  <sequence>39</sequence>
  <level>INFO</level>
  <class>com.kms.katalon.core.logging.XmlKeywordLogger</class>
  <method>logMessage</method>
  <thread>1</thread>
  <message>HAR: E:\\vamsi_programs_2019\\6_katalon_studio_programs\\SampleRestAPITestingProject\\Reports\\20191022_113825\\DataDrivenDemo\\20191022_113825\\requests\\main\\2.har</message>
  <nestedLevel>1</nestedLevel>
  <property name="harId">6678462c-62a0-438d-bb0c-79a130a15073</property>
</record>
<record>
  <date>2019-10-22T11:38:45</date>
  <millis>1571724525008</millis>
  <sequence>40</sequence>
  <level>PASSED</level>
  <class>com.kms.katalon.core.logging.XmlKeywordLogger</class>
  <method>logMessage</method>
  <thread>1</thread>
  <message>Send request successfully</message>
  <nestedLevel>1</nestedLevel>
</record>
<record>
  <date>2019-10-22T11:38:45</date>
  <millis>1571724525009</millis>
  <sequence>41</sequence>
  <level>END</level>
  <class>com.kms.katalon.core.logging.XmlKeywordLogger</class>
  <method>endKeyword</method>
  <thread>1</thread>
  <message>End action : sendRequest(findTestObject(\&amp;quot;RESTWebServices/CreateUser\&amp;quot;, [\&amp;quot;username\&amp;quot;:user]))</message>
  <nestedLevel>1</nestedLevel>
</record>
<record>
  <date>2019-10-22T11:38:45</date>
  <millis>1571724525010</millis>
  <sequence>42</sequence>
  <level>PASSED</level>
  <class>com.kms.katalon.core.logging.XmlKeywordLogger</class>
  <method>logMessage</method>
  <thread>1</thread>
  <message>Test Cases/DataDrivenDemoTest</message>
  <nestedLevel>1</nestedLevel>
</record>
<record>
  <date>2019-10-22T11:38:45</date>
  <millis>1571724525011</millis>
  <sequence>43</sequence>
  <level>END</level>
  <class>com.kms.katalon.core.logging.XmlKeywordLogger</class>
  <method>endTest</method>
  <thread>1</thread>
  <message>End Test Case : Test Cases/DataDrivenDemoTest</message>
  <nestedLevel>0</nestedLevel>
</record>
<record>
  <date>2019-10-22T11:38:45</date>
  <millis>1571724525012</millis>
  <sequence>44</sequence>
  <level>START</level>
  <class>com.kms.katalon.core.logging.XmlKeywordLogger</class>
  <method>startKeyword</method>
  <thread>1</thread>
  <message>Start listener action : exportKatalonReports</message>
  <nestedLevel>0</nestedLevel>
</record>
<record>
  <date>2019-10-22T11:38:45</date>
  <millis>1571724525275</millis>
  <sequence>118</sequence>
  <level>INFO</level>
  <class>com.kms.katalon.core.logging.XmlKeywordLogger</class>
  <method>logMessage</method>
  <thread>1</thread>
  <message>Start generating HTML report folder at: E:\\vamsi_programs_2019\\6_katalon_studio_programs\\SampleRestAPITestingProject\\Reports\\20191022_113825\\DataDrivenDemo\\20191022_113825...</message>
  <nestedLevel>0</nestedLevel>
</record>
<record>
  <date>2019-10-22T11:38:45</date>
  <millis>1571724525974</millis>
  <sequence>119</sequence>
  <level>INFO</level>
  <class>com.kms.katalon.core.logging.XmlKeywordLogger</class>
  <method>logMessage</method>
  <thread>1</thread>
  <message>HTML report generated</message>
  <nestedLevel>0</nestedLevel>
</record>
<record>
  <date>2019-10-22T11:38:45</date>
  <millis>1571724525975</millis>
  <sequence>120</sequence>
  <level>INFO</level>
  <class>com.kms.katalon.core.logging.XmlKeywordLogger</class>
  <method>logMessage</method>
  <thread>1</thread>
  <message>Start generating CSV report folder at: E:\\vamsi_programs_2019\\6_katalon_studio_programs\\SampleRestAPITestingProject\\Reports\\20191022_113825\\DataDrivenDemo\\20191022_113825...</message>
  <nestedLevel>0</nestedLevel>
</record>
<record>
  <date>2019-10-22T11:38:46</date>
  <millis>1571724526028</millis>
  <sequence>121</sequence>
  <level>INFO</level>
  <class>com.kms.katalon.core.logging.XmlKeywordLogger</class>
  <method>logMessage</method>
  <thread>1</thread>
  <message>CSV report generated</message>
  <nestedLevel>0</nestedLevel>
</record>
<record>
  <date>2019-10-22T11:38:46</date>
  <millis>1571724526029</millis>
  <sequence>122</sequence>
  <level>INFO</level>
  <class>com.kms.katalon.core.logging.XmlKeywordLogger</class>
  <method>logMessage</method>
  <thread>1</thread>
  <message>Start generating JUnit report folder at: E:\\vamsi_programs_2019\\6_katalon_studio_programs\\SampleRestAPITestingProject\\Reports\\20191022_113825\\DataDrivenDemo\\20191022_113825...</message>
  <nestedLevel>0</nestedLevel>
</record>
<record>
  <date>2019-10-22T11:38:46</date>
  <millis>1571724526386</millis>
  <sequence>123</sequence>
  <level>INFO</level>
  <class>com.kms.katalon.core.logging.XmlKeywordLogger</class>
  <method>logMessage</method>
  <thread>1</thread>
  <message>JUnit report generated</message>
  <nestedLevel>0</nestedLevel>
</record>
<record>
  <date>2019-10-22T11:38:46</date>
  <millis>1571724526387</millis>
  <sequence>125</sequence>
  <level>END</level>
  <class>com.kms.katalon.core.logging.XmlKeywordLogger</class>
  <method>endKeyword</method>
  <thread>1</thread>
  <message>End listener action : exportKatalonReports</message>
  <nestedLevel>0</nestedLevel>
</record>
<record>
  <date>2019-10-22T11:38:46</date>
  <millis>1571724526512</millis>
  <sequence>126</sequence>
  <level>END</level>
  <class>com.kms.katalon.core.logging.XmlKeywordLogger</class>
  <method>endSuite</method>
  <thread>1</thread>
  <message>End Test Suite : Test Suites/DataDrivenDemo</message>
  <nestedLevel>0</nestedLevel>
</record>
</log>